2025-12-19 12:18:49, MOVE, v:1, k:poo@pagamento, mode:PICK
2025-12-19 12:19:34, EXEC, v:1, k:poo@pagamento, mode:LOCK, rate:0
2025-12-19 12:19:35, EXEC, v:1, k:poo@pagamento, mode:LOCK, rate:0
2025-12-19 12:19:36, MOVE, v:1, k:poo@pagamento, mode:BACK
2025-12-19 12:19:43, MOVE, v:1, k:poo@pagamento, mode:PICK
2025-12-19 12:19:44, EXEC, v:1, k:poo@pagamento, mode:LOCK, rate:0, size:37
2025-12-19 12:19:44, MOVE, v:1, k:poo@pagamento, mode:BACK
2025-12-19 12:19:54, MOVE, v:1, k:poo@pagamento, mode:PICK
2025-12-19 12:21:22, MOVE, v:1, k:poo@pagamento, mode:BACK
2025-12-19 12:22:00, SELF, v:1, k:poo@estacionamento, rate:100, alone:10, study:523
2025-12-19 12:22:09, MOVE, v:1, k:poo@zoo, mode:DOWN
2025-12-19 12:22:10, MOVE, v:1, k:poo@zoo, mode:PICK
2025-12-19 12:23:49, EXEC, v:1, k:poo@zoo, mode:LOCK, rate:0, size:5
2025-12-19 12:23:49, MOVE, v:1, k:poo@zoo, mode:BACK
2025-12-19 12:23:56, MOVE, v:1, k:poo@zoo, mode:PICK
2025-12-19 12:57:29, EXEC, v:1, k:poo@zoo, mode:LOCK, rate:0, size:4
2025-12-19 12:57:29, MOVE, v:1, k:poo@zoo, mode:BACK
2025-12-19 12:57:32, MOVE, v:1, k:poo@zoo, mode:PICK
2025-12-19 13:42:14, MOVE, v:1, k:poo@zoo, mode:BACK
2025-12-19 13:42:17, MOVE, v:1, k:poo@zoo, mode:PICK
2025-12-19 13:42:18, EXEC, v:1, k:poo@zoo, mode:LOCK, rate:0, size:5
2025-12-19 13:42:19, MOVE, v:1, k:poo@zoo, mode:BACK
2025-12-19 13:42:50, MOVE, v:1, k:poo@zoo, mode:PICK
2025-12-19 13:51:29, EXEC, v:1, k:poo@zoo, mode:FREE, size:55
2025-12-19 13:54:14, MOVE, v:1, k:poo@zoo, mode:BACK
2025-12-19 13:54:19, MOVE, v:1, k:poo@zoo, mode:PICK
2025-12-19 13:54:19, EXEC, v:1, k:poo@zoo, mode:LOCK, rate:0, size:55
2025-12-19 13:54:20, EXEC, v:1, k:poo@zoo, mode:LOCK, rate:0
2025-12-19 13:54:20, MOVE, v:1, k:poo@zoo, mode:BACK
2025-12-19 13:54:36, SELF, v:1, k:poo@zoo, rate:100, alone:10, study:120
2025-12-19 13:54:47, SELF, v:1, k:poo@pagamento, rate:100
2025-12-19 13:54:52, SELF, v:1, k:poo@pagamento, rate:100, study:120
